#
# There is insufficient memory for the Java Runtime Environment to continue.
# Native memory allocation (malloc) failed to allocate 954256 bytes for Chunk::new
# Possible reasons:
#   The system is out of physical RAM or swap space
#   The process is running with CompressedOops enabled, and the Java Heap may be blocking the growth of the native heap
# Possible solutions:
#   Reduce memory load on the system
#   Increase physical memory or swap space
#   Check if swap backing store is full
#   Decrease Java heap size (-Xmx/-Xms)
#   Decrease number of Java threads
#   Decrease Java thread stack sizes (-Xss)
#   Set larger code cache with -XX:ReservedCodeCacheSize=
#   JVM is running with Zero Based Compressed Oops mode in which the Java heap is
#     placed in the first 32GB address space. The Java Heap base address is the
#     maximum limit for the native heap growth. Please use -XX:HeapBaseMinAddress
#     to set the Java Heap base and to place the Java Heap above 32GB virtual address.
# This output file may be truncated or incomplete.
#
#  Out of Memory Error (./open/src/hotspot/share/memory/arena.cpp:197), pid=15484, tid=23792
#
# JRE version: Java(TM) SE Runtime Environment 18.9 (11.0.10+8) (build 11.0.10+8-LTS-162)
# Java VM: Java HotSpot(TM) 64-Bit Server VM 18.9 (11.0.10+8-LTS-162, mixed mode, tiered, compressed oops, g1 gc, windows-amd64)
# No core dump will be written. Minidumps are not enabled by default on client versions of Windows
#

---------------  S U M M A R Y ------------

Command Line: -Dclassworlds.conf=C:\Program Files\NetBeans-12.3\netbeans\java\maven\bin\..\bin\m2.conf -Dmaven.home=C:\Program Files\NetBeans-12.3\netbeans\java\maven\bin\.. -Dlibrary.jansi.path=C:\Program Files\NetBeans-12.3\netbeans\java\maven\bin\..\lib\jansi-native -Dmaven.multiModuleProjectDirectory=C:\UTN\DLC\POMMotorBusqueda org.codehaus.plexus.classworlds.launcher.Launcher -Dmaven.ext.class.path=C:\Program Files\NetBeans-12.3\netbeans\java\maven-nblib\netbeans-eventspy.jar -Dfile.encoding=UTF-8 clean install

Host: Intel(R) Core(TM) i5-1035G1 CPU @ 1.00GHz, 8 cores, 11G,  Windows 10 , 64 bit Build 19041 (10.0.19041.662)
Time: Tue May  4 02:30:27 2021 Hora estándar de Argentina elapsed time: 10.081863 seconds (0d 0h 0m 10s)

---------------  T H R E A D  ---------------

Current thread (0x000001b4fde71000):  JavaThread "C2 CompilerThread0" daemon [_thread_in_native, id=23792, stack(0x0000006532d00000,0x0000006532e00000)]


Current CompileTask:
C2:  10081 3673   !   4       jdk.internal.loader.BuiltinClassLoader::loadClassOrNull (143 bytes)

Stack: [0x0000006532d00000,0x0000006532e00000]
Native frames: (J=compiled Java code, j=interpreted, Vv=VM code, C=native code)
V  [jvm.dll+0x613e6a]
V  [jvm.dll+0x74c1ff]
V  [jvm.dll+0x74d885]
V  [jvm.dll+0x74df03]
V  [jvm.dll+0x243b78]
V  [jvm.dll+0xba2cc]
V  [jvm.dll+0xba9cc]
V  [jvm.dll+0x2b4424]
V  [jvm.dll+0x52bfa6]
V  [jvm.dll+0x20555d]
V  [jvm.dll+0x1ff4aa]
V  [jvm.dll+0x1fc42f]
V  [jvm.dll+0x17f09c]
V  [jvm.dll+0x20bbd4]
V  [jvm.dll+0x209cab]
V  [jvm.dll+0x713619]
V  [jvm.dll+0x70c314]
V  [jvm.dll+0x613036]
C  [ucrtbase.dll+0x214c2]
C  [KERNEL32.DLL+0x17034]
C  [ntdll.dll+0x4d0d1]


---------------  P R O C E S S  ---------------

Threads class SMR info:
_java_thread_list=0x000001b483415040, length=12, elements={
0x000001b4dc2e0800, 0x000001b4fde5c800, 0x000001b4fde66000, 0x000001b4fdec7800,
0x000001b4fdeca800, 0x000001b4fde71000, 0x000001b4fde72000, 0x000001b4fdedd800,
0x000001b4fe06b000, 0x000001b4fe062000, 0x000001b48071b800, 0x000001b48071c000
}

Java Threads: ( => current thread )
  0x000001b4dc2e0800 JavaThread "main" [_thread_in_Java, id=21928, stack(0x0000006532200000,0x0000006532300000)]
  0x000001b4fde5c800 JavaThread "Reference Handler" daemon [_thread_blocked, id=8272, stack(0x0000006532900000,0x0000006532a00000)]
  0x000001b4fde66000 JavaThread "Finalizer" daemon [_thread_blocked, id=15328, stack(0x0000006532a00000,0x0000006532b00000)]
  0x000001b4fdec7800 JavaThread "Signal Dispatcher" daemon [_thread_blocked, id=16580, stack(0x0000006532b00000,0x0000006532c00000)]
  0x000001b4fdeca800 JavaThread "Attach Listener" daemon [_thread_blocked, id=8296, stack(0x0000006532c00000,0x0000006532d00000)]
=>0x000001b4fde71000 JavaThread "C2 CompilerThread0" daemon [_thread_in_native, id=23792, stack(0x0000006532d00000,0x0000006532e00000)]
  0x000001b4fde72000 JavaThread "C1 CompilerThread0" daemon [_thread_in_native, id=26088, stack(0x0000006532e00000,0x0000006532f00000)]
  0x000001b4fdedd800 JavaThread "Sweeper thread" daemon [_thread_blocked, id=15416, stack(0x0000006532f00000,0x0000006533000000)]
  0x000001b4fe06b000 JavaThread "Service Thread" daemon [_thread_blocked, id=16988, stack(0x0000006533000000,0x0000006533100000)]
  0x000001b4fe062000 JavaThread "Common-Cleaner" daemon [_thread_blocked, id=22404, stack(0x0000006533200000,0x0000006533300000)]
  0x000001b48071b800 JavaThread "C2 CompilerThread1" daemon [_thread_in_native, id=24384, stack(0x0000006533300000,0x0000006533400000)]
  0x000001b48071c000 JavaThread "C2 CompilerThread2" daemon [_thread_in_native, id=27368, stack(0x0000006533800000,0x0000006533900000)]

Other Threads:
  0x000001b4fde38800 VMThread "VM Thread" [stack: 0x0000006532800000,0x0000006532900000] [id=3856]
  0x000001b4fe061800 WatcherThread [stack: 0x0000006533100000,0x0000006533200000] [id=17428]
  0x000001b4dc2f6800 GCTaskThread "GC Thread#0" [stack: 0x0000006532300000,0x0000006532400000] [id=8400]
  0x000001b48047e000 GCTaskThread "GC Thread#1" [stack: 0x0000006533500000,0x0000006533600000] [id=2364]
  0x000001b4808f8000 GCTaskThread "GC Thread#2" [stack: 0x0000006533600000,0x0000006533700000] [id=1724]
  0x000001b4808f9000 GCTaskThread "GC Thread#3" [stack: 0x0000006533700000,0x0000006533800000] [id=19468]
  0x000001b4fab3d800 ConcurrentGCThread "G1 Main Marker" [stack: 0x0000006532400000,0x0000006532500000] [id=9000]
  0x000001b4fab3e800 ConcurrentGCThread "G1 Conc#0" [stack: 0x0000006532500000,0x0000006532600000] [id=26516]
  0x000001b480755000 ConcurrentGCThread "G1 Conc#1" [stack: 0x0000006533400000,0x0000006533500000] [id=26068]
  0x000001b4fac21000 ConcurrentGCThread "G1 Refine#0" [stack: 0x0000006532600000,0x0000006532700000] [id=18504]
  0x000001b4fac24000 ConcurrentGCThread "G1 Young RemSet Sampling" [stack: 0x0000006532700000,0x0000006532800000] [id=21708]

Threads with active compile tasks:
C2 CompilerThread0  10573 3673   !   4       jdk.internal.loader.BuiltinClassLoader::loadClassOrNull (143 bytes)
C2 CompilerThread1  10573 3886       4       jdk.internal.module.SystemModuleFinders$SystemModuleReader::findImageLocation (42 bytes)
C2 CompilerThread2  10573 4016       4       jdk.internal.org.objectweb.asm.Item::set (219 bytes)

VM state:not at safepoint (normal execution)

VM Mutex/Monitor currently owned by a thread: None

Heap address: 0x0000000743200000, size: 3022 MB, Compressed Oops mode: Zero based, Oop shift amount: 3
Narrow klass base: 0x0000000800000000, Narrow klass shift: 0
Compressed class space size: 1073741824 Address: 0x0000000800000000

Heap:
 garbage-first heap   total 194560K, used 13771K [0x0000000743200000, 0x0000000800000000)
  region size 1024K, 11 young (11264K), 9 survivors (9216K)
 Metaspace       used 30357K, capacity 31030K, committed 31152K, reserved 1077248K
  class space    used 3289K, capacity 3521K, committed 3584K, reserved 1048576K
Heap Regions: E=young(eden), S=young(survivor), O=old, HS=humongous(starts), HC=humongous(continues), CS=collection set, F=free, A=archive, TAMS=top-at-mark-start (previous, next)
|   0|0x0000000743200000, 0x0000000743300000, 0x0000000743300000|100%| O|  |TAMS 0x0000000743290a00, 0x0000000743200000| Untracked 
|   1|0x0000000743300000, 0x0000000743400000, 0x0000000743400000|100%| O|  |TAMS 0x0000000743300000, 0x0000000743300000| Untracked 
|   2|0x0000000743400000, 0x0000000743500000, 0x0000000743500000|100%| O|  |TAMS 0x0000000743400000, 0x0000000743400000| Untracked 
|   3|0x0000000743500000, 0x0000000743572e00, 0x0000000743600000| 44%| O|  |TAMS 0x0000000743500000, 0x0000000743500000| Untracked 
|   4|0x0000000743600000, 0x0000000743600000, 0x0000000743700000|  0%| F|  |TAMS 0x0000000743600000, 0x0000000743600000| Untracked 
|   5|0x0000000743700000, 0x0000000743700000, 0x0000000743800000|  0%| F|  |TAMS 0x0000000743700000, 0x0000000743700000| Untracked 
|   6|0x0000000743800000, 0x0000000743800000, 0x0000000743900000|  0%| F|  |TAMS 0x0000000743800000, 0x0000000743800000| Untracked 
|   7|0x0000000743900000, 0x0000000743900000, 0x0000000743a00000|  0%| F|  |TAMS 0x0000000743900000, 0x0000000743900000| Untracked 
|   8|0x0000000743a00000, 0x0000000743a00000, 0x0000000743b00000|  0%| F|  |TAMS 0x0000000743a00000, 0x0000000743a00000| Untracked 
|   9|0x0000000743b00000, 0x0000000743b00000, 0x0000000743c00000|  0%| F|  |TAMS 0x0000000743b00000, 0x0000000743b00000| Untracked 
|  10|0x0000000743c00000, 0x0000000743c00000, 0x0000000743d00000|  0%| F|  |TAMS 0x0000000743c00000, 0x0000000743c00000| Untracked 
|  11|0x0000000743d00000, 0x0000000743d00000, 0x0000000743e00000|  0%| F|  |TAMS 0x0000000743d00000, 0x0000000743d00000| Untracked 
|  12|0x0000000743e00000, 0x0000000743e00000, 0x0000000743f00000|  0%| F|  |TAMS 0x0000000743e00000, 0x0000000743e00000| Untracked 
|  13|0x0000000743f00000, 0x0000000743f00000, 0x0000000744000000|  0%| F|  |TAMS 0x0000000743f00000, 0x0000000743f00000| Untracked 
|  14|0x0000000744000000, 0x0000000744000000, 0x0000000744100000|  0%| F|  |TAMS 0x0000000744000000, 0x0000000744000000| Untracked 
|  15|0x0000000744100000, 0x0000000744100000, 0x0000000744200000|  0%| F|  |TAMS 0x0000000744100000, 0x0000000744100000| Untracked 
|  16|0x0000000744200000, 0x0000000744200000, 0x0000000744300000|  0%| F|  |TAMS 0x0000000744200000, 0x0000000744200000| Untracked 
|  17|0x0000000744300000, 0x0000000744300000, 0x0000000744400000|  0%| F|  |TAMS 0x0000000744300000, 0x0000000744300000| Untracked 
|  18|0x0000000744400000, 0x0000000744400000, 0x0000000744500000|  0%| F|  |TAMS 0x0000000744400000, 0x0000000744400000| Untracked 
|  19|0x0000000744500000, 0x0000000744500000, 0x0000000744600000|  0%| F|  |TAMS 0x0000000744500000, 0x0000000744500000| Untracked 
|  20|0x0000000744600000, 0x0000000744600000, 0x0000000744700000|  0%| F|  |TAMS 0x0000000744600000, 0x0000000744600000| Untracked 
|  21|0x0000000744700000, 0x0000000744700000, 0x0000000744800000|  0%| F|  |TAMS 0x0000000744700000, 0x0000000744700000| Untracked 
|  22|0x0000000744800000, 0x0000000744800000, 0x0000000744900000|  0%| F|  |TAMS 0x0000000744800000, 0x0000000744800000| Untracked 
|  23|0x0000000744900000, 0x0000000744900000, 0x0000000744a00000|  0%| F|  |TAMS 0x0000000744900000, 0x0000000744900000| Untracked 
|  24|0x0000000744a00000, 0x0000000744a00000, 0x0000000744b00000|  0%| F|  |TAMS 0x0000000744a00000, 0x0000000744a00000| Untracked 
|  25|0x0000000744b00000, 0x0000000744b00000, 0x0000000744c00000|  0%| F|  |TAMS 0x0000000744b00000, 0x0000000744b00000| Untracked 
|  26|0x0000000744c00000, 0x0000000744c00000, 0x0000000744d00000|  0%| F|  |TAMS 0x0000000744c00000, 0x0000000744c00000| Untracked 
|  27|0x0000000744d00000, 0x0000000744d00000, 0x0000000744e00000|  0%| F|  |TAMS 0x0000000744d00000, 0x0000000744d00000| Untracked 
|  28|0x0000000744e00000, 0x0000000744e00000, 0x0000000744f00000|  0%| F|  |TAMS 0x0000000744e00000, 0x0000000744e00000| Untracked 
|  29|0x0000000744f00000, 0x0000000744f00000, 0x0000000745000000|  0%| F|  |TAMS 0x0000000744f00000, 0x0000000744f00000| Untracked 
|  30|0x0000000745000000, 0x0000000745000000, 0x0000000745100000|  0%| F|  |TAMS 0x0000000745000000, 0x0000000745000000| Untracked 
|  31|0x0000000745100000, 0x0000000745100000, 0x0000000745200000|  0%| F|  |TAMS 0x0000000745100000, 0x0000000745100000| Untracked 
|  32|0x0000000745200000, 0x0000000745200000, 0x0000000745300000|  0%| F|  |TAMS 0x0000000745200000, 0x0000000745200000| Untracked 
|  33|0x0000000745300000, 0x0000000745300000, 0x0000000745400000|  0%| F|  |TAMS 0x0000000745300000, 0x0000000745300000| Untracked 
|  34|0x0000000745400000, 0x0000000745400000, 0x0000000745500000|  0%| F|  |TAMS 0x0000000745400000, 0x0000000745400000| Untracked 
|  35|0x0000000745500000, 0x0000000745500000, 0x0000000745600000|  0%| F|  |TAMS 0x0000000745500000, 0x0000000745500000| Untracked 
|  36|0x0000000745600000, 0x0000000745600000, 0x0000000745700000|  0%| F|  |TAMS 0x0000000745600000, 0x0000000745600000| Untracked 
|  37|0x0000000745700000, 0x0000000745700000, 0x0000000745800000|  0%| F|  |TAMS 0x0000000745700000, 0x0000000745700000| Untracked 
|  38|0x0000000745800000, 0x0000000745800000, 0x0000000745900000|  0%| F|  |TAMS 0x0000000745800000, 0x0000000745800000| Untracked 
|  39|0x0000000745900000, 0x0000000745900000, 0x0000000745a00000|  0%| F|  |TAMS 0x0000000745900000, 0x0000000745900000| Untracked 
|  40|0x0000000745a00000, 0x0000000745a00000, 0x0000000745b00000|  0%| F|  |TAMS 0x0000000745a00000, 0x0000000745a00000| Untracked 
|  41|0x0000000745b00000, 0x0000000745b00000, 0x0000000745c00000|  0%| F|  |TAMS 0x0000000745b00000, 0x0000000745b00000| Untracked 
|  42|0x0000000745c00000, 0x0000000745c00000, 0x0000000745d00000|  0%| F|  |TAMS 0x0000000745c00000, 0x0000000745c00000| Untracked 
|  43|0x0000000745d00000, 0x0000000745d00000, 0x0000000745e00000|  0%| F|  |TAMS 0x0000000745d00000, 0x0000000745d00000| Untracked 
|  44|0x0000000745e00000, 0x0000000745e00000, 0x0000000745f00000|  0%| F|  |TAMS 0x0000000745e00000, 0x0000000745e00000| Untracked 
|  45|0x0000000745f00000, 0x0000000745f00000, 0x0000000746000000|  0%| F|  |TAMS 0x0000000745f00000, 0x0000000745f00000| Untracked 
|  46|0x0000000746000000, 0x0000000746000000, 0x0000000746100000|  0%| F|  |TAMS 0x0000000746000000, 0x0000000746000000| Untracked 
|  47|0x0000000746100000, 0x0000000746100000, 0x0000000746200000|  0%| F|  |TAMS 0x0000000746100000, 0x0000000746100000| Untracked 
|  48|0x0000000746200000, 0x0000000746200000, 0x0000000746300000|  0%| F|  |TAMS 0x0000000746200000, 0x0000000746200000| Untracked 
|  49|0x0000000746300000, 0x0000000746300000, 0x0000000746400000|  0%| F|  |TAMS 0x0000000746300000, 0x0000000746300000| Untracked 
|  50|0x0000000746400000, 0x0000000746400000, 0x0000000746500000|  0%| F|  |TAMS 0x0000000746400000, 0x0000000746400000| Untracked 
|  51|0x0000000746500000, 0x0000000746500000, 0x0000000746600000|  0%| F|  |TAMS 0x0000000746500000, 0x0000000746500000| Untracked 
|  52|0x0000000746600000, 0x0000000746600000, 0x0000000746700000|  0%| F|  |TAMS 0x0000000746600000, 0x0000000746600000| Untracked 
|  53|0x0000000746700000, 0x0000000746700000, 0x0000000746800000|  0%| F|  |TAMS 0x0000000746700000, 0x0000000746700000| Untracked 
|  54|0x0000000746800000, 0x0000000746800000, 0x0000000746900000|  0%| F|  |TAMS 0x0000000746800000, 0x0000000746800000| Untracked 
|  55|0x0000000746900000, 0x0000000746900000, 0x0000000746a00000|  0%| F|  |TAMS 0x0000000746900000, 0x0000000746900000| Untracked 
|  56|0x0000000746a00000, 0x0000000746a00000, 0x0000000746b00000|  0%| F|  |TAMS 0x0000000746a00000, 0x0000000746a00000| Untracked 
|  57|0x0000000746b00000, 0x0000000746b00000, 0x0000000746c00000|  0%| F|  |TAMS 0x0000000746b00000, 0x0000000746b00000| Untracked 
|  58|0x0000000746c00000, 0x0000000746c00000, 0x0000000746d00000|  0%| F|  |TAMS 0x0000000746c00000, 0x0000000746c00000| Untracked 
|  59|0x0000000746d00000, 0x0000000746d00000, 0x0000000746e00000|  0%| F|  |TAMS 0x0000000746d00000, 0x0000000746d00000| Untracked 
|  60|0x0000000746e00000, 0x0000000746e00000, 0x0000000746f00000|  0%| F|  |TAMS 0x0000000746e00000, 0x0000000746e00000| Untracked 
|  61|0x0000000746f00000, 0x0000000746f00000, 0x0000000747000000|  0%| F|  |TAMS 0x0000000746f00000, 0x0000000746f00000| Untracked 
|  62|0x0000000747000000, 0x0000000747000000, 0x0000000747100000|  0%| F|  |TAMS 0x0000000747000000, 0x0000000747000000| Untracked 
|  63|0x0000000747100000, 0x0000000747100000, 0x0000000747200000|  0%| F|  |TAMS 0x0000000747100000, 0x0000000747100000| Untracked 
|  64|0x0000000747200000, 0x0000000747200000, 0x0000000747300000|  0%| F|  |TAMS 0x0000000747200000, 0x0000000747200000| Untracked 
|  65|0x0000000747300000, 0x0000000747300000, 0x0000000747400000|  0%| F|  |TAMS 0x0000000747300000, 0x0000000747300000| Untracked 
|  66|0x0000000747400000, 0x0000000747400000, 0x0000000747500000|  0%| F|  |TAMS 0x0000000747400000, 0x0000000747400000| Untracked 
|  67|0x0000000747500000, 0x0000000747500000, 0x0000000747600000|  0%| F|  |TAMS 0x0000000747500000, 0x0000000747500000| Untracked 
|  68|0x0000000747600000, 0x0000000747600000, 0x0000000747700000|  0%| F|  |TAMS 0x0000000747600000, 0x0000000747600000| Untracked 
|  69|0x0000000747700000, 0x0000000747700000, 0x0000000747800000|  0%| F|  |TAMS 0x0000000747700000, 0x0000000747700000| Untracked 
|  70|0x0000000747800000, 0x0000000747800000, 0x0000000747900000|  0%| F|  |TAMS 0x0000000747800000, 0x0000000747800000| Untracked 
|  71|0x0000000747900000, 0x0000000747900000, 0x0000000747a00000|  0%| F|  |TAMS 0x0000000747900000, 0x0000000747900000| Untracked 
|  72|0x0000000747a00000, 0x0000000747a00000, 0x0000000747b00000|  0%| F|  |TAMS 0x0000000747a00000, 0x0000000747a00000| Untracked 
|  73|0x0000000747b00000, 0x0000000747b00000, 0x0000000747c00000|  0%| F|  |TAMS 0x0000000747b00000, 0x0000000747b00000| Untracked 
|  74|0x0000000747c00000, 0x0000000747c00000, 0x0000000747d00000|  0%| F|  |TAMS 0x0000000747c00000, 0x0000000747c00000| Untracked 
|  75|0x0000000747d00000, 0x0000000747d00000, 0x0000000747e00000|  0%| F|  |TAMS 0x0000000747d00000, 0x0000000747d00000| Untracked 
|  76|0x0000000747e00000, 0x0000000747e00000, 0x0000000747f00000|  0%| F|  |TAMS 0x0000000747e00000, 0x0000000747e00000| Untracked 
|  77|0x0000000747f00000, 0x0000000747f00000, 0x0000000748000000|  0%| F|  |TAMS 0x0000000747f00000, 0x0000000747f00000| Untracked 
|  78|0x0000000748000000, 0x0000000748000000, 0x0000000748100000|  0%| F|  |TAMS 0x0000000748000000, 0x0000000748000000| Untracked 
|  79|0x0000000748100000, 0x0000000748100000, 0x0000000748200000|  0%| F|  |TAMS 0x0000000748100000, 0x0000000748100000| Untracked 
|  80|0x0000000748200000, 0x0000000748200000, 0x0000000748300000|  0%| F|  |TAMS 0x0000000748200000, 0x0000000748200000| Untracked 
|  81|0x0000000748300000, 0x0000000748300000, 0x0000000748400000|  0%| F|  |TAMS 0x0000000748300000, 0x0000000748300000| Untracked 
|  82|0x0000000748400000, 0x0000000748400000, 0x0000000748500000|  0%| F|  |TAMS 0x0000000748400000, 0x0000000748400000| Untracked 
|  83|0x0000000748500000, 0x0000000748500000, 0x0000000748600000|  0%| F|  |TAMS 0x0000000748500000, 0x0000000748500000| Untracked 
|  84|0x0000000748600000, 0x0000000748600000, 0x0000000748700000|  0%| F|  |TAMS 0x0000000748600000, 0x0000000748600000| Untracked 
|  85|0x0000000748700000, 0x0000000748700000, 0x0000000748800000|  0%| F|  |TAMS 0x0000000748700000, 0x0000000748700000| Untracked 
|  86|0x0000000748800000, 0x0000000748800000, 0x0000000748900000|  0%| F|  |TAMS 0x0000000748800000, 0x0000000748800000| Untracked 
|  87|0x0000000748900000, 0x0000000748900000, 0x0000000748a00000|  0%| F|  |TAMS 0x0000000748900000, 0x0000000748900000| Untracked 
|  88|0x0000000748a00000, 0x0000000748a00000, 0x0000000748b00000|  0%| F|  |TAMS 0x0000000748a00000, 0x0000000748a00000| Untracked 
|  89|0x0000000748b00000, 0x0000000748b00000, 0x0000000748c00000|  0%| F|  |TAMS 0x0000000748b00000, 0x0000000748b00000| Untracked 
|  90|0x0000000748c00000, 0x0000000748c00000, 0x0000000748d00000|  0%| F|  |TAMS 0x0000000748c00000, 0x0000000748c00000| Untracked 
|  91|0x0000000748d00000, 0x0000000748d00000, 0x0000000748e00000|  0%| F|  |TAMS 0x0000000748d00000, 0x0000000748d00000| Untracked 
|  92|0x0000000748e00000, 0x0000000748e00000, 0x0000000748f00000|  0%| F|  |TAMS 0x0000000748e00000, 0x0000000748e00000| Untracked 
|  93|0x0000000748f00000, 0x0000000748f00000, 0x0000000749000000|  0%| F|  |TAMS 0x0000000748f00000, 0x0000000748f00000| Untracked 
|  94|0x0000000749000000, 0x0000000749000000, 0x0000000749100000|  0%| F|  |TAMS 0x0000000749000000, 0x0000000749000000| Untracked 
|  95|0x0000000749100000, 0x0000000749100000, 0x0000000749200000|  0%| F|  |TAMS 0x0000000749100000, 0x0000000749100000| Untracked 
|  96|0x0000000749200000, 0x0000000749200000, 0x0000000749300000|  0%| F|  |TAMS 0x0000000749200000, 0x0000000749200000| Untracked 
|  97|0x0000000749300000, 0x0000000749300000, 0x0000000749400000|  0%| F|  |TAMS 0x0000000749300000, 0x0000000749300000| Untracked 
|  98|0x0000000749400000, 0x0000000749400000, 0x0000000749500000|  0%| F|  |TAMS 0x0000000749400000, 0x0000000749400000| Untracked 
|  99|0x0000000749500000, 0x0000000749500000, 0x0000000749600000|  0%| F|  |TAMS 0x0000000749500000, 0x0000000749500000| Untracked 
| 100|0x0000000749600000, 0x0000000749600000, 0x0000000749700000|  0%| F|  |TAMS 0x0000000749600000, 0x0000000749600000| Untracked 
| 101|0x0000000749700000, 0x0000000749700000, 0x0000000749800000|  0%| F|  |TAMS 0x0000000749700000, 0x0000000749700000| Untracked 
| 102|0x0000000749800000, 0x0000000749800000, 0x0000000749900000|  0%| F|  |TAMS 0x0000000749800000, 0x0000000749800000| Untracked 
| 103|0x0000000749900000, 0x0000000749900000, 0x0000000749a00000|  0%| F|  |TAMS 0x0000000749900000, 0x0000000749900000| Untracked 
| 104|0x0000000749a00000, 0x0000000749a00000, 0x0000000749b00000|  0%| F|  |TAMS 0x0000000749a00000, 0x0000000749a00000| Untracked 
| 105|0x0000000749b00000, 0x0000000749b00000, 0x0000000749c00000|  0%| F|  |TAMS 0x0000000749b00000, 0x0000000749b00000| Untracked 
| 106|0x0000000749c00000, 0x0000000749c00000, 0x0000000749d00000|  0%| F|  |TAMS 0x0000000749c00000, 0x0000000749c00000| Untracked 
| 107|0x0000000749d00000, 0x0000000749d00000, 0x0000000749e00000|  0%| F|  |TAMS 0x0000000749d00000, 0x0000000749d00000| Untracked 
| 108|0x0000000749e00000, 0x0000000749e00000, 0x0000000749f00000|  0%| F|  |TAMS 0x0000000749e00000, 0x0000000749e00000| Untracked 
| 109|0x0000000749f00000, 0x0000000749f00000, 0x000000074a000000|  0%| F|  |TAMS 0x0000000749f00000, 0x0000000749f00000| Untracked 
| 110|0x000000074a000000, 0x000000074a000000, 0x000000074a100000|  0%| F|  |TAMS 0x000000074a000000, 0x000000074a000000| Untracked 
| 111|0x000000074a100000, 0x000000074a200000, 0x000000074a200000|100%| S|CS|TAMS 0x000000074a100000, 0x000000074a100000| Complete 
| 112|0x000000074a200000, 0x000000074a300000, 0x000000074a300000|100%| S|CS|TAMS 0x000000074a200000, 0x000000074a200000| Complete 
| 113|0x000000074a300000, 0x000000074a400000, 0x000000074a400000|100%| S|CS|TAMS 0x000000074a300000, 0x000000074a300000| Complete 
| 114|0x000000074a400000, 0x000000074a500000, 0x000000074a500000|100%| S|CS|TAMS 0x000000074a400000, 0x000000074a400000| Complete 
| 115|0x000000074a500000, 0x000000074a600000, 0x000000074a600000|100%| S|CS|TAMS 0x000000074a500000, 0x000000074a500000| Complete 
| 116|0x000000074a600000, 0x000000074a700000, 0x000000074a700000|100%| S|CS|TAMS 0x000000074a600000, 0x000000074a600000| Complete 
| 117|0x000000074a700000, 0x000000074a800000, 0x000000074a800000|100%| S|CS|TAMS 0x000000074a700000, 0x000000074a700000| Complete 
| 118|0x000000074a800000, 0x000000074a900000, 0x000000074a900000|100%| S|CS|TAMS 0x000000074a800000, 0x000000074a800000| Complete 
| 119|0x000000074a900000, 0x000000074aa00000, 0x000000074aa00000|100%| S|CS|TAMS 0x000000074a900000, 0x000000074a900000| Complete 
| 120|0x000000074aa00000, 0x000000074aa00000, 0x000000074ab00000|  0%| F|  |TAMS 0x000000074aa00000, 0x000000074aa00000| Untracked 
| 121|0x000000074ab00000, 0x000000074ab00000, 0x000000074ac00000|  0%| F|  |TAMS 0x000000074ab00000, 0x000000074ab00000| Untracked 
| 122|0x000000074ac00000, 0x000000074ac00000, 0x000000074ad00000|  0%| F|  |TAMS 0x000000074ac00000, 0x000000074ac00000| Untracked 
| 123|0x000000074ad00000, 0x000000074ad00000, 0x000000074ae00000|  0%| F|  |TAMS 0x000000074ad00000, 0x000000074ad00000| Untracked 
| 124|0x000000074ae00000, 0x000000074ae00000, 0x000000074af00000|  0%| F|  |TAMS 0x000000074ae00000, 0x000000074ae00000| Untracked 
| 125|0x000000074af00000, 0x000000074af00000, 0x000000074b000000|  0%| F|  |TAMS 0x000000074af00000, 0x000000074af00000| Untracked 
| 126|0x000000074b000000, 0x000000074b000000, 0x000000074b100000|  0%| F|  |TAMS 0x000000074b000000, 0x000000074b000000| Untracked 
| 127|0x000000074b100000, 0x000000074b100000, 0x000000074b200000|  0%| F|  |TAMS 0x000000074b100000, 0x000000074b100000| Untracked 
| 128|0x000000074b200000, 0x000000074b200000, 0x000000074b300000|  0%| F|  |TAMS 0x000000074b200000, 0x000000074b200000| Untracked 
| 129|0x000000074b300000, 0x000000074b300000, 0x000000074b400000|  0%| F|  |TAMS 0x000000074b300000, 0x000000074b300000| Untracked 
| 130|0x000000074b400000, 0x000000074b400000, 0x000000074b500000|  0%| F|  |TAMS 0x000000074b400000, 0x000000074b400000| Untracked 
| 131|0x000000074b500000, 0x000000074b500000, 0x000000074b600000|  0%| F|  |TAMS 0x000000074b500000, 0x000000074b500000| Untracked 
| 132|0x000000074b600000, 0x000000074b600000, 0x000000074b700000|  0%| F|  |TAMS 0x000000074b600000, 0x000000074b600000| Untracked 
| 133|0x000000074b700000, 0x000000074b700000, 0x000000074b800000|  0%| F|  |TAMS 0x000000074b700000, 0x000000074b700000| Untracked 
| 134|0x000000074b800000, 0x000000074b800000, 0x000000074b900000|  0%| F|  |TAMS 0x000000074b800000, 0x000000074b800000| Untracked 
| 135|0x000000074b900000, 0x000000074b900000, 0x000000074ba00000|  0%| F|  |TAMS 0x000000074b900000, 0x000000074b900000| Untracked 
| 136|0x000000074ba00000, 0x000000074ba00000, 0x000000074bb00000|  0%| F|  |TAMS 0x000000074ba00000, 0x000000074ba00000| Untracked 
| 137|0x000000074bb00000, 0x000000074bb00000, 0x000000074bc00000|  0%| F|  |TAMS 0x000000074bb00000, 0x000000074bb00000| Untracked 
| 138|0x000000074bc00000, 0x000000074bc00000, 0x000000074bd00000|  0%| F|  |TAMS 0x000000074bc00000, 0x000000074bc00000| Untracked 
| 139|0x000000074bd00000, 0x000000074bd00000, 0x000000074be00000|  0%| F|  |TAMS 0x000000074bd00000, 0x000000074bd00000| Untracked 
| 140|0x000000074be00000, 0x000000074be00000, 0x000000074bf00000|  0%| F|  |TAMS 0x000000074be00000, 0x000000074be00000| Untracked 
| 141|0x000000074bf00000, 0x000000074bf00000, 0x000000074c000000|  0%| F|  |TAMS 0x000000074bf00000, 0x000000074bf00000| Untracked 
| 142|0x000000074c000000, 0x000000074c000000, 0x000000074c100000|  0%| F|  |TAMS 0x000000074c000000, 0x000000074c000000| Untracked 
| 143|0x000000074c100000, 0x000000074c100000, 0x000000074c200000|  0%| F|  |TAMS 0x000000074c100000, 0x000000074c100000| Untracked 
| 144|0x000000074c200000, 0x000000074c200000, 0x000000074c300000|  0%| F|  |TAMS 0x000000074c200000, 0x000000074c200000| Untracked 
| 145|0x000000074c300000, 0x000000074c300000, 0x000000074c400000|  0%| F|  |TAMS 0x000000074c300000, 0x000000074c300000| Untracked 
| 146|0x000000074c400000, 0x000000074c400000, 0x000000074c500000|  0%| F|  |TAMS 0x000000074c400000, 0x000000074c400000| Untracked 
| 147|0x000000074c500000, 0x000000074c500000, 0x000000074c600000|  0%| F|  |TAMS 0x000000074c500000, 0x000000074c500000| Untracked 
| 148|0x000000074c600000, 0x000000074c600000, 0x000000074c700000|  0%| F|  |TAMS 0x000000074c600000, 0x000000074c600000| Untracked 
| 149|0x000000074c700000, 0x000000074c700000, 0x000000074c800000|  0%| F|  |TAMS 0x000000074c700000, 0x000000074c700000| Untracked 
| 150|0x000000074c800000, 0x000000074c800000, 0x000000074c900000|  0%| F|  |TAMS 0x000000074c800000, 0x000000074c800000| Untracked 
| 151|0x000000074c900000, 0x000000074c900000, 0x000000074ca00000|  0%| F|  |TAMS 0x000000074c900000, 0x000000074c900000| Untracked 
| 152|0x000000074ca00000, 0x000000074ca00000, 0x000000074cb00000|  0%| F|  |TAMS 0x000000074ca00000, 0x000000074ca00000| Untracked 
| 153|0x000000074cb00000, 0x000000074cb00000, 0x000000074cc00000|  0%| F|  |TAMS 0x000000074cb00000, 0x000000074cb00000| Untracked 
| 154|0x000000074cc00000, 0x000000074cc00000, 0x000000074cd00000|  0%| F|  |TAMS 0x000000074cc00000, 0x000000074cc00000| Untracked 
| 155|0x000000074cd00000, 0x000000074cd00000, 0x000000074ce00000|  0%| F|  |TAMS 0x000000074cd00000, 0x000000074cd00000| Untracked 
| 156|0x000000074ce00000, 0x000000074ce00000, 0x000000074cf00000|  0%| F|  |TAMS 0x000000074ce00000, 0x000000074ce00000| Untracked 
| 157|0x000000074cf00000, 0x000000074cf00000, 0x000000074d000000|  0%| F|  |TAMS 0x000000074cf00000, 0x000000074cf00000| Untracked 
| 158|0x000000074d000000, 0x000000074d000000, 0x000000074d100000|  0%| F|  |TAMS 0x000000074d000000, 0x000000074d000000| Untracked 
| 159|0x000000074d100000, 0x000000074d100000, 0x000000074d200000|  0%| F|  |TAMS 0x000000074d100000, 0x000000074d100000| Untracked 
| 160|0x000000074d200000, 0x000000074d200000, 0x000000074d300000|  0%| F|  |TAMS 0x000000074d200000, 0x000000074d200000| Untracked 
| 161|0x000000074d300000, 0x000000074d300000, 0x000000074d400000|  0%| F|  |TAMS 0x000000074d300000, 0x000000074d300000| Untracked 
| 162|0x000000074d400000, 0x000000074d400000, 0x000000074d500000|  0%| F|  |TAMS 0x000000074d400000, 0x000000074d400000| Untracked 
| 163|0x000000074d500000, 0x000000074d500000, 0x000000074d600000|  0%| F|  |TAMS 0x000000074d500000, 0x000000074d500000| Untracked 
| 164|0x000000074d600000, 0x000000074d600000, 0x000000074d700000|  0%| F|  |TAMS 0x000000074d600000, 0x000000074d600000| Untracked 
| 165|0x000000074d700000, 0x000000074d700000, 0x000000074d800000|  0%| F|  |TAMS 0x000000074d700000, 0x000000074d700000| Untracked 
| 166|0x000000074d800000, 0x000000074d800000, 0x000000074d900000|  0%| F|  |TAMS 0x000000074d800000, 0x000000074d800000| Untracked 
| 167|0x000000074d900000, 0x000000074d900000, 0x000000074da00000|  0%| F|  |TAMS 0x000000074d900000, 0x000000074d900000| Untracked 
| 168|0x000000074da00000, 0x000000074da00000, 0x000000074db00000|  0%| F|  |TAMS 0x000000074da00000, 0x000000074da00000| Untracked 
| 169|0x000000074db00000, 0x000000074db00000, 0x000000074dc00000|  0%| F|  |TAMS 0x000000074db00000, 0x000000074db00000| Untracked 
| 170|0x000000074dc00000, 0x000000074dc00000, 0x000000074dd00000|  0%| F|  |TAMS 0x000000074dc00000, 0x000000074dc00000| Untracked 
| 171|0x000000074dd00000, 0x000000074dd00000, 0x000000074de00000|  0%| F|  |TAMS 0x000000074dd00000, 0x000000074dd00000| Untracked 
| 172|0x000000074de00000, 0x000000074de00000, 0x000000074df00000|  0%| F|  |TAMS 0x000000074de00000, 0x000000074de00000| Untracked 
| 173|0x000000074df00000, 0x000000074df00000, 0x000000074e000000|  0%| F|  |TAMS 0x000000074df00000, 0x000000074df00000| Untracked 
| 174|0x000000074e000000, 0x000000074e000000, 0x000000074e100000|  0%| F|  |TAMS 0x000000074e000000, 0x000000074e000000| Untracked 
| 175|0x000000074e100000, 0x000000074e100000, 0x000000074e200000|  0%| F|  |TAMS 0x000000074e100000, 0x000000074e100000| Untracked 
| 176|0x000000074e200000, 0x000000074e200000, 0x000000074e300000|  0%| F|  |TAMS 0x000000074e200000, 0x000000074e200000| Untracked 
| 177|0x000000074e300000, 0x000000074e300000, 0x000000074e400000|  0%| F|  |TAMS 0x000000074e300000, 0x000000074e300000| Untracked 
| 178|0x000000074e400000, 0x000000074e400000, 0x000000074e500000|  0%| F|  |TAMS 0x000000074e400000, 0x000000074e400000| Untracked 
| 179|0x000000074e500000, 0x000000074e500000, 0x000000074e600000|  0%| F|  |TAMS 0x000000074e500000, 0x000000074e500000| Untracked 
| 180|0x000000074e600000, 0x000000074e600000, 0x000000074e700000|  0%| F|  |TAMS 0x000000074e600000, 0x000000074e600000| Untracked 
| 181|0x000000074e700000, 0x000000074e700000, 0x000000074e800000|  0%| F|  |TAMS 0x000000074e700000, 0x000000074e700000| Untracked 
| 182|0x000000074e800000, 0x000000074e800000, 0x000000074e900000|  0%| F|  |TAMS 0x000000074e800000, 0x000000074e800000| Untracked 
| 183|0x000000074e900000, 0x000000074e900000, 0x000000074ea00000|  0%| F|  |TAMS 0x000000074e900000, 0x000000074e900000| Untracked 
| 184|0x000000074ea00000, 0x000000074ea00000, 0x000000074eb00000|  0%| F|  |TAMS 0x000000074ea00000, 0x000000074ea00000| Untracked 
| 185|0x000000074eb00000, 0x000000074eb00000, 0x000000074ec00000|  0%| F|  |TAMS 0x000000074eb00000, 0x000000074eb00000| Untracked 
| 186|0x000000074ec00000, 0x000000074ec00000, 0x000000074ed00000|  0%| F|  |TAMS 0x000000074ec00000, 0x000000074ec00000| Untracked 
| 187|0x000000074ed00000, 0x000000074ed00000, 0x000000074ee00000|  0%| F|  |TAMS 0x000000074ed00000, 0x000000074ed00000| Untracked 
| 188|0x000000074ee00000, 0x000000074ee80800, 0x000000074ef00000| 50%| E|  |TAMS 0x000000074ee00000, 0x000000074ee00000| Complete 
| 189|0x000000074ef00000, 0x000000074f000000, 0x000000074f000000|100%| E|CS|TAMS 0x000000074ef00000, 0x000000074ef00000| Complete 

Card table byte_map: [0x000001b4f4000000,0x000001b4f45f0000] _byte_map_base: 0x000001b4f05e7000

Marking Bits (Prev, Next): (CMBitMap*) 0x000001b4fab30d30, (CMBitMap*) 0x000001b4fab30cf8
 Prev Bits: [0x000001b4f7b20000, 0x000001b4faa58000)
 Next Bits: [0x000001b4f4be0000, 0x000001b4f7b18000)

Polling page: 0x000001b4dba90000

Metaspace:

Usage:
  Non-class:     26.87 MB capacity,    26.48 MB ( 99%) used,   359.84 KB (  1%) free+waste,    45.38 KB ( <1%) overhead. 
      Class:      3.44 MB capacity,     3.22 MB ( 94%) used,   208.77 KB (  6%) free+waste,    19.63 KB ( <1%) overhead. 
       Both:     30.32 MB capacity,    29.70 MB ( 98%) used,   568.62 KB (  2%) free+waste,    65.00 KB ( <1%) overhead. 

Virtual space:
  Non-class space:       28.00 MB reserved,      26.92 MB ( 96%) committed 
      Class space:        1.00 GB reserved,       3.50 MB ( <1%) committed 
             Both:        1.03 GB reserved,      30.42 MB (  3%) committed 

Chunk freelists:
   Non-Class:  6.13 KB
       Class:  0 bytes
        Both:  6.13 KB

CodeHeap 'non-profiled nmethods': size=120000Kb used=1853Kb max_used=1853Kb free=118146Kb
 bounds [0x000001b4ec1b0000, 0x000001b4ec420000, 0x000001b4f36e0000]
CodeHeap 'profiled nmethods': size=120000Kb used=8585Kb max_used=8585Kb free=111414Kb
 bounds [0x000001b4e4c80000, 0x000001b4e54f0000, 0x000001b4ec1b0000]
CodeHeap 'non-nmethods': size=5760Kb used=1143Kb max_used=1156Kb free=4616Kb
 bounds [0x000001b4e46e0000, 0x000001b4e4950000, 0x000001b4e4c80000]
 total_blobs=4494 nmethods=4030 adapters=375
 compilation: enabled
              stopped_count=0, restarted_count=0
 full_count=0

Compilation events (10 events):
Event: 10.041 Thread 0x000001b4fde72000 3684       1       com.sun.tools.javac.util.SharedNameTable$NameImpl::getIndex (5 bytes)
Event: 10.041 Thread 0x000001b4fde72000 nmethod 3684 0x000001b4ec36cb90 code [0x000001b4ec36cd20, 0x000001b4ec36cdd0]
Event: 10.041 Thread 0x000001b4fde72000 3682       3       com.sun.tools.javac.util.Name$Table::fromString (14 bytes)
Event: 10.042 Thread 0x000001b4fde72000 nmethod 3682 0x000001b4e541f890 code [0x000001b4e541faa0, 0x000001b4e54200a0]
Event: 10.066 Thread 0x000001b4fde72000 3685       3       java.lang.invoke.MethodHandles$Lookup::in (168 bytes)
Event: 10.067 Thread 0x000001b4fde72000 nmethod 3685 0x000001b4e5420310 code [0x000001b4e5420660, 0x000001b4e5421c60]
Event: 10.068 Thread 0x000001b4fde72000 3686       3       jdk.internal.org.objectweb.asm.MethodWriter::visitCode (1 bytes)
Event: 10.068 Thread 0x000001b4fde72000 nmethod 3686 0x000001b4e5422310 code [0x000001b4e54224a0, 0x000001b4e5422590]
Event: 10.074 Thread 0x000001b4fde72000 3688       3       sun.invoke.util.VerifyAccess::isSamePackage (32 bytes)
Event: 10.075 Thread 0x000001b4fde72000 nmethod 3688 0x000001b4e5422610 code [0x000001b4e5422900, 0x000001b4e5423c40]

GC Heap History (4 events):
Event: 0.938 GC heap before
{Heap before GC invocations=0 (full 0):
 garbage-first heap   total 194560K, used 23552K [0x0000000743200000, 0x0000000800000000)
  region size 1024K, 24 young (24576K), 0 survivors (0K)
 Metaspace       used 12502K, capacity 12661K, committed 12928K, reserved 1060864K
  class space    used 1262K, capacity 1348K, committed 1408K, reserved 1048576K
}
Event: 0.944 GC heap after
{Heap after GC invocations=1 (full 0):
 garbage-first heap   total 194560K, used 3650K [0x0000000743200000, 0x0000000800000000)
  region size 1024K, 3 young (3072K), 3 survivors (3072K)
 Metaspace       used 12502K, capacity 12661K, committed 12928K, reserved 1060864K
  class space    used 1262K, capacity 1348K, committed 1408K, reserved 1048576K
}
Event: 2.925 GC heap before
{Heap before GC invocations=1 (full 0):
 garbage-first heap   total 194560K, used 59970K [0x0000000743200000, 0x0000000800000000)
  region size 1024K, 59 young (60416K), 3 survivors (3072K)
 Metaspace       used 20779K, capacity 21142K, committed 21296K, reserved 1069056K
  class space    used 2231K, capacity 2322K, committed 2432K, reserved 1048576K
}
Event: 2.934 GC heap after
{Heap after GC invocations=2 (full 0):
 garbage-first heap   total 194560K, used 6596K [0x0000000743200000, 0x0000000800000000)
  region size 1024K, 6 young (6144K), 6 survivors (6144K)
 Metaspace       used 20779K, capacity 21142K, committed 21296K, reserved 1069056K
  class space    used 2231K, capacity 2322K, committed 2432K, reserved 1048576K
}

Deoptimization events (10 events):
Event: 6.143 Thread 0x000001b4dc2e0800 Uncommon trap: reason=array_check action=maybe_recompile pc=0x000001b4ec31cd1c method=java.util.TimSort.binarySort([Ljava/lang/Object;IIILjava/util/Comparator;)V @ 193 c2
Event: 6.143 Thread 0x000001b4dc2e0800 Uncommon trap: reason=array_check action=maybe_recompile pc=0x000001b4ec31cdf0 method=java.util.TimSort.binarySort([Ljava/lang/Object;IIILjava/util/Comparator;)V @ 183 c2
Event: 6.143 Thread 0x000001b4dc2e0800 Uncommon trap: reason=array_check action=maybe_recompile pc=0x000001b4ec31cd1c method=java.util.TimSort.binarySort([Ljava/lang/Object;IIILjava/util/Comparator;)V @ 193 c2
Event: 6.840 Thread 0x000001b4dc2e0800 Uncommon trap: reason=profile_predicate action=maybe_recompile pc=0x000001b4ec3345d8 method=java.util.concurrent.ConcurrentHashMap.putAll(Ljava/util/Map;)V @ 28 c2
Event: 6.851 Thread 0x000001b4dc2e0800 Uncommon trap: reason=profile_predicate action=maybe_recompile pc=0x000001b4ec3345d8 method=java.util.concurrent.ConcurrentHashMap.putAll(Ljava/util/Map;)V @ 28 c2
Event: 6.851 Thread 0x000001b4dc2e0800 Uncommon trap: reason=profile_predicate action=maybe_recompile pc=0x000001b4ec3345d8 method=java.util.concurrent.ConcurrentHashMap.putAll(Ljava/util/Map;)V @ 28 c2
Event: 6.851 Thread 0x000001b4dc2e0800 Uncommon trap: reason=profile_predicate action=maybe_recompile pc=0x000001b4ec3345d8 method=java.util.concurrent.ConcurrentHashMap.putAll(Ljava/util/Map;)V @ 28 c2
Event: 7.957 Thread 0x000001b4dc2e0800 Uncommon trap: reason=unstable_if action=reinterpret pc=0x000001b4ec2a8558 method=java.lang.StringLatin1.trim([B)Ljava/lang/String; @ 60 c2
Event: 8.300 Thread 0x000001b4dc2e0800 Uncommon trap: reason=unstable_if action=reinterpret pc=0x000001b4ec2a8f4c method=java.lang.StringLatin1.trim([B)Ljava/lang/String; @ 60 c2
Event: 9.391 Thread 0x000001b4dc2e0800 Uncommon trap: reason=unstable_if action=reinterpret pc=0x000001b4ec204744 method=java.nio.Buffer.limit(I)Ljava/nio/Buffer; @ 42 c2

Classes redefined (0 events):
No events

Internal exceptions (10 events):
Event: 9.778 Thread 0x000001b4dc2e0800 Exception <a 'sun/nio/fs/WindowsException'{0x000000074bacdc08}> (0x000000074bacdc08) thrown at [./open/src/hotspot/share/prims/jni.cpp, line 611]
Event: 9.789 Thread 0x000001b4dc2e0800 Exception <a 'sun/nio/fs/WindowsException'{0x000000074bacfed0}> (0x000000074bacfed0) thrown at [./open/src/hotspot/share/prims/jni.cpp, line 611]
Event: 9.803 Thread 0x000001b4dc2e0800 Exception <a 'sun/nio/fs/WindowsException'{0x000000074baff120}> (0x000000074baff120) thrown at [./open/src/hotspot/share/prims/jni.cpp, line 611]
Event: 9.804 Thread 0x000001b4dc2e0800 Exception <a 'sun/nio/fs/WindowsException'{0x000000074baff3c0}> (0x000000074baff3c0) thrown at [./open/src/hotspot/share/prims/jni.cpp, line 611]
Event: 9.812 Thread 0x000001b4dc2e0800 Exception <a 'sun/nio/fs/WindowsException'{0x000000074b901e00}> (0x000000074b901e00) thrown at [./open/src/hotspot/share/prims/jni.cpp, line 611]
Event: 9.813 Thread 0x000001b4dc2e0800 Exception <a 'sun/nio/fs/WindowsException'{0x000000074b902050}> (0x000000074b902050) thrown at [./open/src/hotspot/share/prims/jni.cpp, line 611]
Event: 9.823 Thread 0x000001b4dc2e0800 Exception <a 'java/lang/NoSuchMethodError'{0x000000074b9163a8}: java.lang.invoke.DirectMethodHandle$Holder.invokeVirtual(Ljava/lang/Object;Ljava/lang/Object;Ljava/lang/Object;)I> (0x000000074b9163a8) thrown at [./open/src/hotspot/share/interpreter/linkRes
Event: 9.909 Thread 0x000001b4dc2e0800 Exception <a 'java/lang/NoSuchMethodError'{0x000000074b827950}: java.lang.invoke.DirectMethodHandle$Holder.invokeStaticInit(Ljava/lang/Object;Ljava/lang/Object;)I> (0x000000074b827950) thrown at [./open/src/hotspot/share/interpreter/linkResolver.cpp, line
Event: 10.000 Thread 0x000001b4dc2e0800 Exception <a 'java/lang/NoSuchMethodError'{0x000000074b8f1ff0}: java.lang.invoke.DirectMethodHandle$Holder.invokeVirtual(Ljava/lang/Object;Ljava/lang/Object;)I> (0x000000074b8f1ff0) thrown at [./open/src/hotspot/share/interpreter/linkResolver.cpp, line 77
Event: 10.004 Thread 0x000001b4dc2e0800 Exception <a 'java/lang/NoSuchMethodError'{0x000000074b720ff8}: java.lang.invoke.Invokers$Holder.linkToTargetMethod(Ljava/lang/Object;Ljava/lang/Object;Ljava/lang/Object;Ljava/lang/Object;Ljava/lang/Object;Ljava/lang/Object;)Ljava/lang/Object;> (0x0000000

Events (10 events):
Event: 10.066 loading class com/sun/tools/javac/main/JavaCompiler
Event: 10.066 loading class com/sun/tools/javac/main/JavaCompiler done
Event: 10.066 loading class javax/tools/JavaFileObject
Event: 10.066 loading class javax/tools/JavaFileObject done
Event: 10.066 loading class com/sun/tools/javac/main/JavaCompiler
Event: 10.066 loading class com/sun/tools/javac/main/JavaCompiler done
Event: 10.075 loading class java/util/regex/Pattern$GroupCurly
Event: 10.075 loading class java/util/regex/Pattern$GroupCurly done
Event: 10.075 loading class java/util/regex/Pattern$StartS
Event: 10.075 loading class java/util/regex/Pattern$StartS done


Dynamic libraries:
0x00007ff7d7990000 - 0x00007ff7d799f000 	C:\Program Files\Java\jdk-11.0.10\bin\java.exe
0x00007ffac85b0000 - 0x00007ffac87a6000 	C:\Windows\SYSTEM32\ntdll.dll
0x00007ffac6bc0000 - 0x00007ffac6c7d000 	C:\Windows\System32\KERNEL32.DLL
0x00007ffac5fe0000 - 0x00007ffac62a9000 	C:\Windows\System32\KERNELBASE.dll
0x00007ffac6360000 - 0x00007ffac6460000 	C:\Windows\System32\ucrtbase.dll
0x00007ffaae7b0000 - 0x00007ffaae7c5000 	C:\Program Files\Java\jdk-11.0.10\bin\VCRUNTIME140.dll
0x00007ffaa99d0000 - 0x00007ffaa99e8000 	C:\Program Files\Java\jdk-11.0.10\bin\jli.dll
0x00007ffac7210000 - 0x00007ffac72bc000 	C:\Windows\System32\ADVAPI32.dll
0x00007ffac6b20000 - 0x00007ffac6bbe000 	C:\Windows\System32\msvcrt.dll
0x00007ffac7460000 - 0x00007ffac74fc000 	C:\Windows\System32\sechost.dll
0x00007ffac6e20000 - 0x00007ffac6f4b000 	C:\Windows\System32\RPCRT4.dll
0x00007ffac6c80000 - 0x00007ffac6e20000 	C:\Windows\System32\USER32.dll
0x00007ffac5cf0000 - 0x00007ffac5d12000 	C:\Windows\System32\win32u.dll
0x00007ffac7500000 - 0x00007ffac752a000 	C:\Windows\System32\GDI32.dll
0x00007ffac5d20000 - 0x00007ffac5e29000 	C:\Windows\System32\gdi32full.dll
0x00007ffaa4ae0000 - 0x00007ffaa4d7b000 	C:\Windows\WinSxS\amd64_microsoft.windows.common-controls_6595b64144ccf1df_6.0.19041.488_none_ca04af081b815d21\COMCTL32.dll
0x00007ffac6460000 - 0x00007ffac64fd000 	C:\Windows\System32\msvcp_win.dll
0x00007ffabee50000 - 0x00007ffabee5a000 	C:\Windows\SYSTEM32\VERSION.dll
0x00007ffac6f50000 - 0x00007ffac6f80000 	C:\Windows\System32\IMM32.DLL
0x00007ffaaf7f0000 - 0x00007ffaaf9f2000 	C:\Windows\system32\tmumh\20019\AddOn\8.53.0.1073\TmUmEvt64.dll
0x00007ffac7b40000 - 0x00007ffac7b48000 	C:\Windows\System32\PSAPI.DLL
0x000000005c4d0000 - 0x000000005c63e000 	C:\Windows\system32\tmumh\20019\TmMon\2.8.0.1049\tmmon64.dll
0x00007ffac7b50000 - 0x00007ffac7ba5000 	C:\Windows\System32\Shlwapi.dll
0x000001b4dab50000 - 0x000001b4dabeb000 	C:\Program Files\Java\jdk-11.0.10\bin\msvcp140.dll
0x000001b4dac00000 - 0x000001b4db6fb000 	C:\Program Files\Java\jdk-11.0.10\bin\server\jvm.dll
0x000001b4d8c10000 - 0x000001b4d8c19000 	C:\Windows\SYSTEM32\WSOCK32.dll
0x000001b4db700000 - 0x000001b4db76b000 	C:\Windows\System32\WS2_32.dll
0x000001b4da4d0000 - 0x000001b4da4f7000 	C:\Windows\SYSTEM32\WINMM.dll
0x000001b4da500000 - 0x000001b4da512000 	C:\Windows\SYSTEM32\kernel.appcore.dll
0x000001b4da520000 - 0x000001b4da530000 	C:\Program Files\Java\jdk-11.0.10\bin\verify.dll
0x000001b4db790000 - 0x000001b4db974000 	C:\Windows\SYSTEM32\DBGHELP.DLL
0x000001b4db980000 - 0x000001b4db9ac000 	C:\Windows\SYSTEM32\dbgcore.DLL
0x000001b4db9b0000 - 0x000001b4dba30000 	C:\Windows\System32\bcryptPrimitives.dll
0x000001b4dba30000 - 0x000001b4dba58000 	C:\Program Files\Java\jdk-11.0.10\bin\java.dll
0x000001b4dba70000 - 0x000001b4dba7a000 	C:\Program Files\Java\jdk-11.0.10\bin\jimage.dll
0x000001b4dbab0000 - 0x000001b4dbac6000 	C:\Program Files\Java\jdk-11.0.10\bin\zip.dll
0x000001b4fe2d0000 - 0x000001b4fea12000 	C:\Windows\System32\SHELL32.dll
0x000001b4fea20000 - 0x000001b4ff1b5000 	C:\Windows\SYSTEM32\windows.storage.dll
0x000001b4ff1c0000 - 0x000001b4ff516000 	C:\Windows\System32\combase.dll
0x000001b4ff520000 - 0x000001b4ff54c000 	C:\Windows\SYSTEM32\Wldp.dll
0x000001b4ff550000 - 0x000001b4ff5fe000 	C:\Windows\System32\SHCORE.dll
0x000001b4ff600000 - 0x000001b4ff626000 	C:\Windows\SYSTEM32\profapi.dll
0x000001b4ff630000 - 0x000001b4ff649000 	C:\Program Files\Java\jdk-11.0.10\bin\net.dll
0x000001b4ff650000 - 0x000001b4ff750000 	C:\Windows\SYSTEM32\WINHTTP.dll
0x000001b4ff760000 - 0x000001b4ff7ca000 	C:\Windows\system32\mswsock.dll
0x000001b4ff7d0000 - 0x000001b4ff7e2000 	C:\Program Files\Java\jdk-11.0.10\bin\nio.dll
0x000001b480000000 - 0x000001b48000a000 	C:\Program Files\NetBeans-12.3\netbeans\java\maven\lib\jansi-native\windows64\jansi.dll

dbghelp: loaded successfully - version: 4.0.5 - missing functions: none
symbol engine: initialized successfully - sym options: 0x614 - pdb path: .;C:\Program Files\Java\jdk-11.0.10\bin;C:\Windows\SYSTEM32;C:\Windows\WinSxS\amd64_microsoft.windows.common-controls_6595b64144ccf1df_6.0.19041.488_none_ca04af081b815d21;C:\Windows\system32\tmumh\20019\AddOn\8.53.0.1073;C:\Windows\system32\tmumh\20019\TmMon\2.8.0.1049;C:\Program Files\Java\jdk-11.0.10\bin\server;C:\Program Files\NetBeans-12.3\netbeans\java\maven\lib\jansi-native\windows64

VM Arguments:
jvm_args: -Dclassworlds.conf=C:\Program Files\NetBeans-12.3\netbeans\java\maven\bin\..\bin\m2.conf -Dmaven.home=C:\Program Files\NetBeans-12.3\netbeans\java\maven\bin\.. -Dlibrary.jansi.path=C:\Program Files\NetBeans-12.3\netbeans\java\maven\bin\..\lib\jansi-native -Dmaven.multiModuleProjectDirectory=C:\UTN\DLC\POMMotorBusqueda 
java_command: org.codehaus.plexus.classworlds.launcher.Launcher -Dmaven.ext.class.path=C:\Program Files\NetBeans-12.3\netbeans\java\maven-nblib\netbeans-eventspy.jar -Dfile.encoding=UTF-8 clean install
java_class_path (initial): C:\Program Files\NetBeans-12.3\netbeans\java\maven\bin\..\boot\plexus-classworlds-2.6.0.jar
Launcher Type: SUN_STANDARD

[Global flags]
     intx CICompilerCount                          = 4                                         {product} {ergonomic}
     uint ConcGCThreads                            = 2                                         {product} {ergonomic}
     uint G1ConcRefinementThreads                  = 8                                         {product} {ergonomic}
   size_t G1HeapRegionSize                         = 1048576                                   {product} {ergonomic}
    uintx GCDrainStackTargetSize                   = 64                                        {product} {ergonomic}
   size_t InitialHeapSize                          = 199229440                                 {product} {ergonomic}
   size_t MarkStackSize                            = 4194304                                   {product} {ergonomic}
   size_t MaxHeapSize                              = 3168796672                                {product} {ergonomic}
   size_t MaxNewSize                               = 1901068288                                {product} {ergonomic}
   size_t MinHeapDeltaBytes                        = 1048576                                   {product} {ergonomic}
    uintx NonNMethodCodeHeapSize                   = 5836300                                {pd product} {ergonomic}
    uintx NonProfiledCodeHeapSize                  = 122910970                              {pd product} {ergonomic}
    uintx ProfiledCodeHeapSize                     = 122910970                              {pd product} {ergonomic}
    uintx ReservedCodeCacheSize                    = 251658240                              {pd product} {ergonomic}
     bool SegmentedCodeCache                       = true                                      {product} {ergonomic}
     bool UseCompressedClassPointers               = true                                 {lp64_product} {ergonomic}
     bool UseCompressedOops                        = true                                 {lp64_product} {ergonomic}
     bool UseG1GC                                  = true                                      {product} {ergonomic}
     bool UseLargePagesIndividualAllocation        = false                                  {pd product} {ergonomic}

Logging:
Log output configuration:
 #0: stdout all=warning uptime,level,tags
 #1: stderr all=off uptime,level,tags

Environment Variables:
JAVA_HOME=C:\Program Files\Java\jdk-11.0.10
PATH=C:\Program Files\Common Files\Oracle\Java\javapath;C:\Program Files (x86)\Common Files\Oracle\Java\javapath;C:\Windows\system32;C:\Windows;C:\Windows\System32\Wbem;C:\Windows\System32\WindowsPowerShell\v1.0\;C:\Windows\System32\OpenSSH\;C:\PROGRA~2\IBM\CLIENT~1;C:\PROGRA~2\IBM\CLIENT~1\Shared;C:\PROGRA~2\IBM\CLIENT~1\Emulator;C:\Program Files (x86)\Windows Kits\10\Windows Performance Toolkit\;C:\Program Files (x86)\Windows Kits\10\Microsoft Application Virtualization\Sequencer\;c:\Program Files (x86)\Microsoft SQL Server\100\Tools\Binn\;c:\Program Files\Microsoft SQL Server\100\Tools\Binn\;c:\Program Files\Microsoft SQL Server\100\DTS\Binn\;C:\Program Files (x86)\Windows Kits\8.1\Windows Performance Toolkit\;C:\Program Files\Microsoft SQL Server\110\Tools\Binn\;C:\Program Files (x86)\Microsoft SQL Server\110\Tools\Binn\ManagementStudio\;C:\Program Files (x86)\Microsoft SQL Server\110\Tools\Binn\;C:\Program Files (x86)\Microsoft Visual Studio 10.0\Common7\IDE\PrivateAssemblies\;C:\Program Files (x86)\Microsoft SQL Server\110\DTS\Binn\;C:\Program Files\Git\cmd;C:\Program Files\Docker\Docker\resources\bin;C:\ProgramData\DockerDesktop\version-bin;C:\Users\CC31899077\AppData\Local\Programs\Python\Python37\Scripts\;C:\Users\CC31899077\AppData\Local\Programs\Python\Python37\;C:\Users\CC31899077\AppData\Local\Programs\Python\Python39\Scripts\;C:\Users\CC31899077\AppData\Local\Programs\Python\Python39\;C:\Users\CC31899077\AppData\Local\Microsoft\WindowsApps;C:\Program Files\JetBrains\PyCharm Community Edition 2020.3\bin;;C:\Python\ExtractorReportes\WebDrivers;;C:\Program Files\JetBrains\IntelliJ IDEA 2020.3.2\bin;
USERNAME=CC31899077
OS=Windows_NT
PROCESSOR_IDENTIFIER=Intel64 Family 6 Model 126 Stepping 5, GenuineIntel



---------------  S Y S T E M  ---------------

OS: Windows 10 , 64 bit Build 19041 (10.0.19041.662)
Hyper-V role detected

CPU:total 8 (initial active 8) (4 cores per cpu, 2 threads per core) family 6 model 126 stepping 5 microcode 0x78, cmov, cx8, fxsr, mmx, sse, sse2, sse3, ssse3, sse4.1, sse4.2, popcnt, avx, avx2, aes, clmul, erms, 3dnowpref, lzcnt, ht, tsc, tscinvbit, bmi1, bmi2, adx, evex, sha, fma

Memory: 4k page, system-wide physical 12083M (1802M free)
TotalPageFile size 17283M (AvailPageFile size 0M)
current process WorkingSet (physical memory assigned to process): 190M, peak: 190M
current process commit charge ("private bytes"): 336M, peak: 336M

vm_info: Java HotSpot(TM) 64-Bit Server VM (11.0.10+8-LTS-162) for windows-amd64 JRE (11.0.10+8-LTS-162), built on Dec  8 2020 16:32:57 by "mach5one" with MS VC++ 15.9 (VS2017)

END.
