#
# There is insufficient memory for the Java Runtime Environment to continue.
# Native memory allocation (malloc) failed to allocate 1048576 bytes for AllocateHeap
# Possible reasons:
#   The system is out of physical RAM or swap space
#   The process is running with CompressedOops enabled, and the Java Heap may be blocking the growth of the native heap
# Possible solutions:
#   Reduce memory load on the system
#   Increase physical memory or swap space
#   Check if swap backing store is full
#   Decrease Java heap size (-Xmx/-Xms)
#   Decrease number of Java threads
#   Decrease Java thread stack sizes (-Xss)
#   Set larger code cache with -XX:ReservedCodeCacheSize=
#   JVM is running with Unscaled Compressed Oops mode in which the Java heap is
#     placed in the first 4GB address space. The Java Heap base address is the
#     maximum limit for the native heap growth. Please use -XX:HeapBaseMinAddress
#     to set the Java Heap base and to place the Java Heap above 4GB virtual address.
# This output file may be truncated or incomplete.
#
#  Out of Memory Error (./open/src/hotspot/share/memory/allocation.cpp:46), pid=24208, tid=15764
#
# JRE version:  (11.0.10+8) (build )
# Java VM: Java HotSpot(TM) 64-Bit Server VM (11.0.10+8-LTS-162, mixed mode, sharing, tiered, compressed oops, g1 gc, windows-amd64)
# No core dump will be written. Minidumps are not enabled by default on client versions of Windows
#

---------------  S U M M A R Y ------------

Command Line: -agentlib:jdwp=transport=dt_socket,server=n,address=11439 utn.dlc.indexador.Main

Host: Intel(R) Core(TM) i5-1035G1 CPU @ 1.00GHz, 8 cores, 11G,  Windows 10 , 64 bit Build 19041 (10.0.19041.662)
Time: Tue May  4 02:29:44 2021 Hora estándar de Argentina elapsed time: 0.074769 seconds (0d 0h 0m 0s)

---------------  T H R E A D  ---------------

Current thread (0x0000029c5dfbe000):  JavaThread "Unknown thread" [_thread_in_vm, id=15764, stack(0x000000ed1f200000,0x000000ed1f300000)]

Stack: [0x000000ed1f200000,0x000000ed1f300000]
Native frames: (J=compiled Java code, j=interpreted, Vv=VM code, C=native code)
V  [jvm.dll+0x613e6a]
V  [jvm.dll+0x74c1ff]
V  [jvm.dll+0x74d885]
V  [jvm.dll+0x74df03]
V  [jvm.dll+0x243b78]
V  [jvm.dll+0xb0f24]
V  [jvm.dll+0x2d1c18]
V  [jvm.dll+0x727d07]
V  [jvm.dll+0x7295bf]
V  [jvm.dll+0x34c4a9]
V  [jvm.dll+0x70d6b0]
V  [jvm.dll+0x3b584f]
V  [jvm.dll+0x3b7951]
C  [jli.dll+0x520b]
C  [ucrtbase.dll+0x214c2]
C  [KERNEL32.DLL+0x17034]
C  [ntdll.dll+0x4d0d1]


---------------  P R O C E S S  ---------------

Threads class SMR info:
_java_thread_list=0x0000029c5a7b85d0, length=0, elements={
}

Java Threads: ( => current thread )

Other Threads:

[error occurred during error reporting (printing all threads), id 0xc0000005, EXCEPTION_ACCESS_VIOLATION (0xc0000005) at pc=0x0000029c5cfd275d]

VM state:not at safepoint (not fully initialized)

VM Mutex/Monitor currently owned by a thread: None


[error occurred during error reporting (printing compressed oops mode), id 0xc0000005, EXCEPTION_ACCESS_VIOLATION (0xc0000005) at pc=0x0000029c5cfe8c07]

GC Heap History (0 events):
No events

Deoptimization events (0 events):
No events

Classes redefined (0 events):
No events

Internal exceptions (0 events):
No events

Events (0 events):
No events


Dynamic libraries:
0x00007ff7d7990000 - 0x00007ff7d799f000 	C:\Program Files\Java\jdk-11.0.10\bin\java.exe
0x00007ffac85b0000 - 0x00007ffac87a6000 	C:\Windows\SYSTEM32\ntdll.dll
0x00007ffac6bc0000 - 0x00007ffac6c7d000 	C:\Windows\System32\KERNEL32.DLL
0x00007ffac5fe0000 - 0x00007ffac62a9000 	C:\Windows\System32\KERNELBASE.dll
0x00007ffac6360000 - 0x00007ffac6460000 	C:\Windows\System32\ucrtbase.dll
0x00007ffaa99d0000 - 0x00007ffaa99e8000 	C:\Program Files\Java\jdk-11.0.10\bin\jli.dll
0x00007ffaae7b0000 - 0x00007ffaae7c5000 	C:\Program Files\Java\jdk-11.0.10\bin\VCRUNTIME140.dll
0x00007ffac7210000 - 0x00007ffac72bc000 	C:\Windows\System32\ADVAPI32.dll
0x00007ffac6b20000 - 0x00007ffac6bbe000 	C:\Windows\System32\msvcrt.dll
0x00007ffac7460000 - 0x00007ffac74fc000 	C:\Windows\System32\sechost.dll
0x00007ffac6e20000 - 0x00007ffac6f4b000 	C:\Windows\System32\RPCRT4.dll
0x00007ffac6c80000 - 0x00007ffac6e20000 	C:\Windows\System32\USER32.dll
0x00007ffac5cf0000 - 0x00007ffac5d12000 	C:\Windows\System32\win32u.dll
0x00007ffac7500000 - 0x00007ffac752a000 	C:\Windows\System32\GDI32.dll
0x00007ffac5d20000 - 0x00007ffac5e29000 	C:\Windows\System32\gdi32full.dll
0x00007ffac6460000 - 0x00007ffac64fd000 	C:\Windows\System32\msvcp_win.dll
0x00007ffaa4ae0000 - 0x00007ffaa4d7b000 	C:\Windows\WinSxS\amd64_microsoft.windows.common-controls_6595b64144ccf1df_6.0.19041.488_none_ca04af081b815d21\COMCTL32.dll
0x00007ffabee50000 - 0x00007ffabee5a000 	C:\Windows\SYSTEM32\VERSION.dll
0x00007ffac6f50000 - 0x00007ffac6f80000 	C:\Windows\System32\IMM32.DLL
0x00007ffaaf7f0000 - 0x00007ffaaf9f2000 	C:\Windows\system32\tmumh\20019\AddOn\8.53.0.1073\TmUmEvt64.dll
0x00007ffac7b40000 - 0x00007ffac7b48000 	C:\Windows\System32\PSAPI.DLL
0x000000005c4d0000 - 0x000000005c63e000 	C:\Windows\system32\tmumh\20019\TmMon\2.8.0.1049\tmmon64.dll
0x00007ffac7b50000 - 0x00007ffac7ba5000 	C:\Windows\System32\Shlwapi.dll
0x0000029c5c0b0000 - 0x0000029c5c14b000 	C:\Program Files\Java\jdk-11.0.10\bin\msvcp140.dll
0x0000029c5c8c0000 - 0x0000029c5d3bb000 	C:\Program Files\Java\jdk-11.0.10\bin\server\jvm.dll
0x0000029c5a8f0000 - 0x0000029c5a8f9000 	C:\Windows\SYSTEM32\WSOCK32.dll
0x0000029c5d3c0000 - 0x0000029c5d42b000 	C:\Windows\System32\WS2_32.dll
0x0000029c5c160000 - 0x0000029c5c187000 	C:\Windows\SYSTEM32\WINMM.dll
0x0000029c5d450000 - 0x0000029c5d462000 	C:\Windows\SYSTEM32\kernel.appcore.dll
0x0000029c5c190000 - 0x0000029c5c1a0000 	C:\Program Files\Java\jdk-11.0.10\bin\verify.dll
0x0000029c5d470000 - 0x0000029c5d654000 	C:\Windows\SYSTEM32\DBGHELP.DLL
0x0000029c5d660000 - 0x0000029c5d68c000 	C:\Windows\SYSTEM32\dbgcore.DLL
0x0000029c5d690000 - 0x0000029c5d710000 	C:\Windows\System32\bcryptPrimitives.dll
0x0000029c5d710000 - 0x0000029c5d738000 	C:\Program Files\Java\jdk-11.0.10\bin\java.dll
0x0000029c5d750000 - 0x0000029c5d75a000 	C:\Program Files\Java\jdk-11.0.10\bin\jimage.dll
0x0000029c5d780000 - 0x0000029c5d7b8000 	C:\Program Files\Java\jdk-11.0.10\bin\jdwp.dll
0x0000029c5d7e0000 - 0x0000029c5d7f6000 	C:\Program Files\Java\jdk-11.0.10\bin\zip.dll

dbghelp: loaded successfully - version: 4.0.5 - missing functions: none
symbol engine: initialized successfully - sym options: 0x614 - pdb path: .;C:\Program Files\Java\jdk-11.0.10\bin;C:\Windows\SYSTEM32;C:\Windows\WinSxS\amd64_microsoft.windows.common-controls_6595b64144ccf1df_6.0.19041.488_none_ca04af081b815d21;C:\Windows\system32\tmumh\20019\AddOn\8.53.0.1073;C:\Windows\system32\tmumh\20019\TmMon\2.8.0.1049;C:\Program Files\Java\jdk-11.0.10\bin\server

VM Arguments:
jvm_args: -agentlib:jdwp=transport=dt_socket,server=n,address=11439 
java_command: utn.dlc.indexador.Main
java_class_path (initial): C:\UTN\DLC\POMMotorBusqueda\Indexador\target\classes;C:\UTN\DLC\POMMotorBusqueda\Dominio\target\classes;C:\Users\CC31899077\.m2\repository\javax\javaee-api\8.0\javaee-api-8.0.jar;C:\Users\CC31899077\.m2\repository\com\sun\mail\javax.mail\1.6.0\javax.mail-1.6.0.jar;C:\Users\CC31899077\.m2\repository\javax\activation\activation\1.1\activation-1.1.jar
Launcher Type: SUN_STANDARD

[Global flags]
     intx CICompilerCount                          = 4                                         {product} {ergonomic}
     uint G1ConcRefinementThreads                  = 8                                         {product} {ergonomic}
   size_t G1HeapRegionSize                         = 1048576                                   {product} {ergonomic}
    uintx GCDrainStackTargetSize                   = 64                                        {product} {ergonomic}
   size_t InitialHeapSize                          = 199229440                                 {product} {ergonomic}
   size_t MaxHeapSize                              = 3168796672                                {product} {ergonomic}
   size_t MinHeapDeltaBytes                        = 1048576                                   {product} {ergonomic}
    uintx NonNMethodCodeHeapSize                   = 5836300                                {pd product} {ergonomic}
    uintx NonProfiledCodeHeapSize                  = 122910970                              {pd product} {ergonomic}
    uintx ProfiledCodeHeapSize                     = 122910970                              {pd product} {ergonomic}
    uintx ReservedCodeCacheSize                    = 251658240                              {pd product} {ergonomic}
     bool SegmentedCodeCache                       = true                                      {product} {ergonomic}
     bool UseCompressedClassPointers               = true                                 {lp64_product} {ergonomic}
     bool UseCompressedOops                        = true                                 {lp64_product} {ergonomic}
     bool UseG1GC                                  = true                                      {product} {ergonomic}
     bool UseLargePagesIndividualAllocation        = false                                  {pd product} {ergonomic}

Logging:
Log output configuration:
 #0: stdout all=warning uptime,level,tags
 #1: stderr all=off uptime,level,tags

Environment Variables:
JAVA_HOME=C:\Program Files\Java\jdk-11.0.10
PATH=C:\Program Files\Common Files\Oracle\Java\javapath;C:\Program Files (x86)\Common Files\Oracle\Java\javapath;C:\Windows\system32;C:\Windows;C:\Windows\System32\Wbem;C:\Windows\System32\WindowsPowerShell\v1.0\;C:\Windows\System32\OpenSSH\;C:\PROGRA~2\IBM\CLIENT~1;C:\PROGRA~2\IBM\CLIENT~1\Shared;C:\PROGRA~2\IBM\CLIENT~1\Emulator;C:\Program Files (x86)\Windows Kits\10\Windows Performance Toolkit\;C:\Program Files (x86)\Windows Kits\10\Microsoft Application Virtualization\Sequencer\;c:\Program Files (x86)\Microsoft SQL Server\100\Tools\Binn\;c:\Program Files\Microsoft SQL Server\100\Tools\Binn\;c:\Program Files\Microsoft SQL Server\100\DTS\Binn\;C:\Program Files (x86)\Windows Kits\8.1\Windows Performance Toolkit\;C:\Program Files\Microsoft SQL Server\110\Tools\Binn\;C:\Program Files (x86)\Microsoft SQL Server\110\Tools\Binn\ManagementStudio\;C:\Program Files (x86)\Microsoft SQL Server\110\Tools\Binn\;C:\Program Files (x86)\Microsoft Visual Studio 10.0\Common7\IDE\PrivateAssemblies\;C:\Program Files (x86)\Microsoft SQL Server\110\DTS\Binn\;C:\Program Files\Git\cmd;C:\Program Files\Docker\Docker\resources\bin;C:\ProgramData\DockerDesktop\version-bin;C:\Users\CC31899077\AppData\Local\Programs\Python\Python37\Scripts\;C:\Users\CC31899077\AppData\Local\Programs\Python\Python37\;C:\Users\CC31899077\AppData\Local\Programs\Python\Python39\Scripts\;C:\Users\CC31899077\AppData\Local\Programs\Python\Python39\;C:\Users\CC31899077\AppData\Local\Microsoft\WindowsApps;C:\Program Files\JetBrains\PyCharm Community Edition 2020.3\bin;;C:\Python\ExtractorReportes\WebDrivers;;C:\Program Files\JetBrains\IntelliJ IDEA 2020.3.2\bin;
USERNAME=CC31899077
OS=Windows_NT
PROCESSOR_IDENTIFIER=Intel64 Family 6 Model 126 Stepping 5, GenuineIntel



---------------  S Y S T E M  ---------------

OS: Windows 10 , 64 bit Build 19041 (10.0.19041.662)
Hyper-V role detected

CPU:total 8 (initial active 8) (4 cores per cpu, 2 threads per core) family 6 model 126 stepping 5 microcode 0x78, cmov, cx8, fxsr, mmx, sse, sse2, sse3, ssse3, sse4.1, sse4.2, popcnt, avx, avx2, aes, clmul, erms, 3dnowpref, lzcnt, ht, tsc, tscinvbit, bmi1, bmi2, adx, evex, sha, fma

Memory: 4k page, system-wide physical 12083M (1872M free)
TotalPageFile size 17283M (AvailPageFile size 17M)
current process WorkingSet (physical memory assigned to process): 13M, peak: 13M
current process commit charge ("private bytes"): 23M, peak: 24M

vm_info: Java HotSpot(TM) 64-Bit Server VM (11.0.10+8-LTS-162) for windows-amd64 JRE (11.0.10+8-LTS-162), built on Dec  8 2020 16:32:57 by "mach5one" with MS VC++ 15.9 (VS2017)

END.
